\BOOKMARK [0][-]{chapter*.1}{Acknowledgments}{}% 1
\BOOKMARK [0][-]{chapter.1}{Introduction}{}% 2
\BOOKMARK [1][-]{section.1.1}{Why Cowlitz County?}{chapter.1}% 3
\BOOKMARK [1][-]{section.1.2}{English in Cowlitz County}{chapter.1}% 4
\BOOKMARK [1][-]{section.1.3}{Variables of study}{chapter.1}% 5
\BOOKMARK [1][-]{section.1.4}{The current study and organization of chapters}{chapter.1}% 6
\BOOKMARK [0][-]{chapter.2}{Western American English}{}% 7
\BOOKMARK [1][-]{section.2.1}{Introduction}{chapter.2}% 8
\BOOKMARK [1][-]{section.2.2}{Geographic distribution of the Elsewhere Shift}{chapter.2}% 9
\BOOKMARK [1][-]{section.2.3}{A structural description of the Elsewhere Shift}{chapter.2}% 10
\BOOKMARK [1][-]{section.2.4}{The prenasal split}{chapter.2}% 11
\BOOKMARK [1][-]{section.2.5}{Social meaning in the Elsewhere Shift}{chapter.2}% 12
\BOOKMARK [1][-]{section.2.6}{Conclusion}{chapter.2}% 13
\BOOKMARK [0][-]{chapter.3}{Cowlitz County, Washington}{}% 14
\BOOKMARK [1][-]{section.3.1}{A physical description of Cowlitz County}{chapter.3}% 15
\BOOKMARK [1][-]{section.3.2}{The Cowlitz Indian Tribe}{chapter.3}% 16
\BOOKMARK [1][-]{section.3.3}{Exploration and discovery}{chapter.3}% 17
\BOOKMARK [1][-]{section.3.4}{Settlement and colonization}{chapter.3}% 18
\BOOKMARK [1][-]{section.3.5}{Longview: A planned city}{chapter.3}% 19
\BOOKMARK [1][-]{section.3.6}{The rise and fall of the mills}{chapter.3}% 20
\BOOKMARK [1][-]{section.3.7}{Cowlitz County today}{chapter.3}% 21
\BOOKMARK [0][-]{chapter.4}{Methodology}{}% 22
\BOOKMARK [1][-]{section.4.1}{Fieldwork}{chapter.4}% 23
\BOOKMARK [1][-]{section.4.2}{Participant metadata}{chapter.4}% 24
\BOOKMARK [1][-]{section.4.3}{Processing}{chapter.4}% 25
\BOOKMARK [1][-]{section.4.4}{Word classes}{chapter.4}% 26
\BOOKMARK [1][-]{section.4.5}{Corpus size and constitution}{chapter.4}% 27
\BOOKMARK [1][-]{section.4.6}{Statistical analysis}{chapter.4}% 28
\BOOKMARK [1][-]{section.4.7}{How to identify and quantify vowel shift}{chapter.4}% 29
\BOOKMARK [1][-]{section.4.8}{Hardware and software}{chapter.4}% 30
\BOOKMARK [0][-]{chapter.5}{The elsewhere allophones of the front lax vowels}{}% 31
\BOOKMARK [1][-]{section.5.1}{bat}{chapter.5}% 32
\BOOKMARK [1][-]{section.5.2}{bet}{chapter.5}% 33
\BOOKMARK [1][-]{section.5.3}{bit}{chapter.5}% 34
\BOOKMARK [1][-]{section.5.4}{Discussion}{chapter.5}% 35
\BOOKMARK [1][-]{section.5.5}{Conclusion}{chapter.5}% 36
\BOOKMARK [0][-]{chapter.6}{Prenasal allophones of the front lax vowels}{}% 37
\BOOKMARK [1][-]{section.6.1}{ban}{chapter.6}% 38
\BOOKMARK [1][-]{section.6.2}{ben}{chapter.6}% 39
\BOOKMARK [1][-]{section.6.3}{bin}{chapter.6}% 40
\BOOKMARK [1][-]{section.6.4}{Interim summary}{chapter.6}% 41
\BOOKMARK [1][-]{section.6.5}{bang}{chapter.6}% 42
\BOOKMARK [1][-]{section.6.6}{beng}{chapter.6}% 43
\BOOKMARK [1][-]{section.6.7}{bing}{chapter.6}% 44
\BOOKMARK [1][-]{section.6.8}{Discussion}{chapter.6}% 45
\BOOKMARK [1][-]{section.6.9}{Conclusion}{chapter.6}% 46
\BOOKMARK [0][-]{chapter.7}{The low back vowels}{}% 47
\BOOKMARK [1][-]{section.7.1}{Introduction}{chapter.7}% 48
\BOOKMARK [1][-]{section.7.2}{Methods for the study of merger}{chapter.7}% 49
\BOOKMARK [1][-]{section.7.3}{The low back merger}{chapter.7}% 50
\BOOKMARK [1][-]{section.7.4}{lot}{chapter.7}% 51
\BOOKMARK [1][-]{section.7.5}{thought}{chapter.7}% 52
\BOOKMARK [1][-]{section.7.6}{Discussion}{chapter.7}% 53
\BOOKMARK [1][-]{section.7.7}{Conclusion}{chapter.7}% 54
\BOOKMARK [0][-]{chapter.8}{Discussion}{}% 55
\BOOKMARK [1][-]{section.8.1}{Summary of findings}{chapter.8}% 56
\BOOKMARK [1][-]{section.8.2}{Cowlitz County, then and now}{chapter.8}% 57
\BOOKMARK [1][-]{section.8.3}{Portland vs. Seattle}{chapter.8}% 58
\BOOKMARK [1][-]{section.8.4}{The timber industry}{chapter.8}% 59
\BOOKMARK [1][-]{section.8.5}{The northward spread of the Elsewhere Shift}{chapter.8}% 60
\BOOKMARK [1][-]{section.8.6}{Conclusions}{chapter.8}% 61
\BOOKMARK [0][-]{chapter.9}{Conclusion}{}% 62
\BOOKMARK [1][-]{section.9.1}{Overview}{chapter.9}% 63
\BOOKMARK [1][-]{section.9.2}{Limitations}{chapter.9}% 64
\BOOKMARK [1][-]{section.9.3}{Future work}{chapter.9}% 65
\BOOKMARK [1][-]{section.9.4}{Conclusion}{chapter.9}% 66
\BOOKMARK [0][-]{section*.58}{Appendices}{}% 67
\BOOKMARK [0][-]{Appendix.1.A}{Reading Passages}{}% 68
\BOOKMARK [1][-]{section.1.A.1}{Friends}{Appendix.1.A}% 69
\BOOKMARK [1][-]{section.1.A.2}{The Cat and the Mice}{Appendix.1.A}% 70
\BOOKMARK [1][-]{section.1.A.3}{Wordlist}{Appendix.1.A}% 71
\BOOKMARK [1][-]{section.1.A.4}{Minimal Pairs}{Appendix.1.A}% 72
\BOOKMARK [0][-]{Appendix.1.B}{Stopwords}{}% 73
\BOOKMARK [0][-]{Appendix.1.C}{Low back vowel categorization}{}% 74
\BOOKMARK [0][-]{Appendix.1.D}{Model Summaries}{}% 75
\BOOKMARK [0][-]{Appendix.1.E}{Model Comparisons}{}% 76
\BOOKMARK [0][-]{Appendix.1.F}{Difference Smooths}{}% 77
